-------------------------------------------------------------------------------
Test set: es.uma.informatica.sii.plytix.pana.ApplicationTests$ListaConDatos2$ModificarPlanes
-------------------------------------------------------------------------------
Tests run: 2, Failures: 0, Errors: 0, Skipped: 0, Time elapsed: 1.469 s - in es.uma.informatica.sii.plytix.pana.ApplicationTests$ListaConDatos2$ModificarPlanes
es.uma.informatica.sii.plytix.pana.ApplicationTests$ListaConDatos2$ModificarPlanes.modificaPlan  Time elapsed: 0.082 s
es.uma.informatica.sii.plytix.pana.ApplicationTests$ListaConDatos2$ModificarPlanes.modificarPlanInexistente  Time elapsed: 0.084 s
