-------------------------------------------------------------------------------
Test set: es.uma.informatica.sii.plytix.pana.ApplicationTests$GetCuentaTests
-------------------------------------------------------------------------------
Tests run: 3, Failures: 0, Errors: 0, Skipped: 0, Time elapsed: 1.608 s - in es.uma.informatica.sii.plytix.pana.ApplicationTests$GetCuentaTests
es.uma.informatica.sii.plytix.pana.ApplicationTests$GetCuentaTests.getCuentasPorNombre  Time elapsed: 0.132 s
es.uma.informatica.sii.plytix.pana.ApplicationTests$GetCuentaTests.getCuentasPorPlan  Time elapsed: 0.052 s
es.uma.informatica.sii.plytix.pana.ApplicationTests$GetCuentaTests.getCuentaInexistentePorNombre  Time elapsed: 0.041 s
