-------------------------------------------------------------------------------
Test set: es.uma.informatica.sii.plytix.pana.ApplicationTests$ListaConDatos2$ModificarCuentas
-------------------------------------------------------------------------------
Tests run: 2, Failures: 0, Errors: 0, Skipped: 0, Time elapsed: 0.806 s - in es.uma.informatica.sii.plytix.pana.ApplicationTests$ListaConDatos2$ModificarCuentas
es.uma.informatica.sii.plytix.pana.ApplicationTests$ListaConDatos2$ModificarCuentas.modificarCuentaInexistente  Time elapsed: 0.034 s
es.uma.informatica.sii.plytix.pana.ApplicationTests$ListaConDatos2$ModificarCuentas.modificaCuenta  Time elapsed: 0.042 s
