-------------------------------------------------------------------------------
Test set: es.uma.informatica.sii.plytix.pana.ApplicationTests$ListaConDatos$EliminarCuenta
-------------------------------------------------------------------------------
Tests run: 7, Failures: 0, Errors: 0, Skipped: 0, Time elapsed: 0.729 s - in es.uma.informatica.sii.plytix.pana.ApplicationTests$ListaConDatos$EliminarCuenta
es.uma.informatica.sii.plytix.pana.ApplicationTests$ListaConDatos.modificarPropietarioCuenta_cuentaNoExiste  Time elapsed: 0.034 s
es.uma.informatica.sii.plytix.pana.ApplicationTests$ListaConDatos.modificarPropietarioCuentaconId  Time elapsed: 0.031 s
es.uma.informatica.sii.plytix.pana.ApplicationTests$ListaConDatos.modificarUsuarios_CuentaNoExiste  Time elapsed: 0.034 s
es.uma.informatica.sii.plytix.pana.ApplicationTests$ListaConDatos.modificarPropietarioCuentaconEmail  Time elapsed: 0.03 s
es.uma.informatica.sii.plytix.pana.ApplicationTests$ListaConDatos.modificarUsuarios  Time elapsed: 0.03 s
es.uma.informatica.sii.plytix.pana.ApplicationTests$ListaConDatos$EliminarCuenta.eliminaExistente  Time elapsed: 0.03 s
es.uma.informatica.sii.plytix.pana.ApplicationTests$ListaConDatos$EliminarCuenta.eliminaNoExiste  Time elapsed: 0.034 s
