-------------------------------------------------------------------------------
Test set: es.uma.informatica.sii.plytix.pana.ApplicationTests$ListaConDatos
-------------------------------------------------------------------------------
Tests run: 5, Failures: 0, Errors: 0, Skipped: 0, Time elapsed: 3.42 s - in es.uma.informatica.sii.plytix.pana.ApplicationTests$ListaConDatos
es.uma.informatica.sii.plytix.pana.ApplicationTests$ListaConDatos.modificarPropietarioCuenta_cuentaNoExiste  Time elapsed: 0.058 s
es.uma.informatica.sii.plytix.pana.ApplicationTests$ListaConDatos.modificarPropietarioCuentaconId  Time elapsed: 0.055 s
es.uma.informatica.sii.plytix.pana.ApplicationTests$ListaConDatos.modificarUsuarios_CuentaNoExiste  Time elapsed: 0.062 s
es.uma.informatica.sii.plytix.pana.ApplicationTests$ListaConDatos.modificarPropietarioCuentaconEmail  Time elapsed: 0.059 s
es.uma.informatica.sii.plytix.pana.ApplicationTests$ListaConDatos.modificarUsuarios  Time elapsed: 0.06 s
