<?xml version="1.0" encoding="UTF-8"?>
<testsuite xmlns:xsi="http://www.w3.org/2001/XMLSchema-instance" xsi:noNamespaceSchemaLocation="https://maven.apache.org/surefire/maven-surefire-plugin/xsd/surefire-test-report-3.0.xsd" version="3.0" name="es.uma.informatica.sii.plytix.pana.ApplicationTests$ListaConDatos2$ModificarPlanes" time="1.469" tests="2" errors="0" skipped="0" failures="0">
  <properties>
[...]
</properties>
  <testcase name="modificaPlan" classname="es.uma.informatica.sii.plytix.pana.ApplicationTests$ListaConDatos2$ModificarPlanes" time="0.082">
    <system-out><![CDATA[2025-05-27T22:51:41.697+02:00  INFO 17728 --- [           main] t.c.s.AnnotationConfigContextLoaderUtils : Could not detect default configuration classes for test class [es.uma.informatica.sii.plytix.pana.ApplicationTests$ListaConDatos2]: ListaConDatos2 does not declare any static, non-private, non-final, nested classes annotated with @Configuration.
2025-05-27T22:51:41.698+02:00  INFO 17728 --- [           main] .b.t.c.SpringBootTestContextBootstrapper : Found @SpringBootConfiguration es.uma.informatica.sii.plytix.pana.Application for test class es.uma.informatica.sii.plytix.pana.ApplicationTests$ListaConDatos2
2025-05-27T22:51:41.701+02:00  INFO 17728 --- [           main] t.c.s.AnnotationConfigContextLoaderUtils : Could not detect default configuration classes for test class [es.uma.informatica.sii.plytix.pana.ApplicationTests$ListaConDatos2$ModificarPlanes]: ModificarPlanes does not declare any static, non-private, non-final, nested classes annotated with @Configuration.
2025-05-27T22:51:41.702+02:00  INFO 17728 --- [           main] .b.t.c.SpringBootTestContextBootstrapper : Found @SpringBootConfiguration es.uma.informatica.sii.plytix.pana.Application for test class es.uma.informatica.sii.plytix.pana.ApplicationTests$ListaConDatos2$ModificarPlanes

  .   ____          _            __ _ _
 /\\ / ___'_ __ _ _(_)_ __  __ _ \ \ \ \
( ( )\___ | '_ | '_| | '_ \/ _` | \ \ \ \
 \\/  ___)| |_)| | | | | || (_| |  ) ) ) )
  '  |____| .__|_| |_|_| |_\__, | / / / /
 =========|_|==============|___/=/_/_/_/
 :: Spring Boot ::                (v3.0.2)

2025-05-27T22:51:41.720+02:00  INFO 17728 --- [           main] e.u.i.sii.plytix.pana.ApplicationTests   : Starting ApplicationTests using Java 17.0.5 with PID 17728 (started by enriq in C:\Users\enriq\OneDrive\Escritorio\SII\mini-pim-plytix-pana-TEST-JOSE-MOSHAB-JOSE2)
2025-05-27T22:51:41.720+02:00  INFO 17728 --- [           main] e.u.i.sii.plytix.pana.ApplicationTests   : No active profile set, falling back to 1 default profile: "default"
2025-05-27T22:51:41.841+02:00  INFO 17728 --- [           main] .s.d.r.c.RepositoryConfigurationDelegate : Bootstrapping Spring Data JPA repositories in DEFAULT mode.
2025-05-27T22:51:41.850+02:00  INFO 17728 --- [           main] .s.d.r.c.RepositoryConfigurationDelegate : Finished Spring Data repository scanning in 8 ms. Found 2 JPA repository interfaces.
2025-05-27T22:51:41.885+02:00  INFO 17728 --- [           main] o.s.b.w.embedded.tomcat.TomcatWebServer  : Tomcat initialized with port(s): 0 (http)
2025-05-27T22:51:41.886+02:00  INFO 17728 --- [           main] o.apache.catalina.core.StandardService   : Starting service [Tomcat]
2025-05-27T22:51:41.886+02:00  INFO 17728 --- [           main] o.apache.catalina.core.StandardEngine    : Starting Servlet engine: [Apache Tomcat/10.1.5]
2025-05-27T22:51:41.908+02:00  INFO 17728 --- [           main] o.a.c.c.C.[Tomcat].[localhost].[/]       : Initializing Spring embedded WebApplicationContext
2025-05-27T22:51:41.909+02:00  INFO 17728 --- [           main] w.s.c.ServletWebServerApplicationContext : Root WebApplicationContext: initialization completed in 188 ms
2025-05-27T22:51:41.916+02:00  INFO 17728 --- [           main] com.zaxxer.hikari.HikariDataSource       : HikariPool-14 - Starting...
2025-05-27T22:51:41.917+02:00  INFO 17728 --- [           main] com.zaxxer.hikari.pool.HikariPool        : HikariPool-14 - Added connection conn130: url=jdbc:h2:mem:testdb user=SA
2025-05-27T22:51:41.917+02:00  INFO 17728 --- [           main] com.zaxxer.hikari.HikariDataSource       : HikariPool-14 - Start completed.
2025-05-27T22:51:41.917+02:00  INFO 17728 --- [           main] o.s.b.a.h2.H2ConsoleAutoConfiguration    : H2 console available at '/h2-console'. Database available at 'jdbc:h2:mem:testdb'
2025-05-27T22:51:41.935+02:00  INFO 17728 --- [           main] o.hibernate.jpa.internal.util.LogHelper  : HHH000204: Processing PersistenceUnitInfo [name: default]
2025-05-27T22:51:41.937+02:00  WARN 17728 --- [           main] org.hibernate.orm.deprecation            : HHH90000021: Encountered deprecated setting [javax.persistence.sharedCache.mode], use [jakarta.persistence.sharedCache.mode] instead
2025-05-27T22:51:41.942+02:00  INFO 17728 --- [           main] SQL dialect                              : HHH000400: Using dialect: org.hibernate.dialect.H2Dialect
Hibernate: 
    
    drop table if exists cuenta cascade 
Hibernate: 
    
    drop table if exists cuenta_usuarios cascade 
Hibernate: 
    
    drop table if exists plan cascade 
Hibernate: 
    
    create table cuenta (
       id bigint not null,
        nif varchar(255),
        dir_fiscal varchar(255),
        dueno_id bigint,
        fecha_alta date,
        nombre varchar(255),
        plan bigint,
        primary key (id)
    )
Hibernate: 
    
    create table cuenta_usuarios (
       cuenta_id bigint not null,
        usuarios bigint
    )
Hibernate: 
    
    create table plan (
       id bigint generated by default as identity,
        max_activos bigint,
        max_almacenamiento bigint,
        max_categorias_activos bigint,
        max_categorias_productos bigint,
        max_productos bigint,
        max_relaciones bigint,
        nombre varchar(255),
        precio float(53),
        primary key (id)
    )
Hibernate: 
    
    alter table if exists cuenta 
       add constraint fk_cuenta_plan 
       foreign key (plan) 
       references plan
Hibernate: 
    
    alter table if exists cuenta_usuarios 
       add constraint FKn2m3nqhyu579qm9vjvrr3utxo 
       foreign key (cuenta_id) 
       references cuenta
2025-05-27T22:51:41.991+02:00  INFO 17728 --- [           main] o.h.e.t.j.p.i.JtaPlatformInitiator       : HHH000490: Using JtaPlatform implementation: [org.hibernate.engine.transaction.jta.platform.internal.NoJtaPlatform]
2025-05-27T22:51:41.991+02:00  INFO 17728 --- [           main] j.LocalContainerEntityManagerFactoryBean : Initialized JPA EntityManagerFactory for persistence unit 'default'
2025-05-27T22:51:42.045+02:00  WARN 17728 --- [           main] JpaBaseConfiguration$JpaWebConfiguration : spring.jpa.open-in-view is enabled by default. Therefore, database queries may be performed during view rendering. Explicitly configure spring.jpa.open-in-view to disable this warning
2025-05-27T22:51:42.048+02:00  WARN 17728 --- [           main] .s.s.UserDetailsServiceAutoConfiguration : 

Using generated security password: 0c251e86-79fe-4888-ab6f-22a5cff220f0

This generated password is for development use only. Your security configuration must be updated before running your application in production.

2025-05-27T22:51:42.051+02:00  INFO 17728 --- [           main] o.s.s.web.DefaultSecurityFilterChain     : Will secure any request with [org.springframework.security.web.session.DisableEncodeUrlFilter@a8557c3, org.springframework.security.web.context.request.async.WebAsyncManagerIntegrationFilter@30416b2d, org.springframework.security.web.context.SecurityContextHolderFilter@437d9e9c, org.springframework.security.web.header.HeaderWriterFilter@ddeff0d, org.springframework.security.web.authentication.logout.LogoutFilter@3721abfd, es.uma.informatica.sii.plytix.pana.config.JwtRequestFilter@3c80020d, org.springframework.security.web.savedrequest.RequestCacheAwareFilter@36a64083, org.springframework.security.web.servletapi.SecurityContextHolderAwareRequestFilter@4c7ae7cd, org.springframework.security.web.authentication.AnonymousAuthenticationFilter@397113b0, org.springframework.security.web.session.SessionManagementFilter@292fa0c5, org.springframework.security.web.access.ExceptionTranslationFilter@eea818, org.springframework.security.web.access.intercept.AuthorizationFilter@28d88ae0]
2025-05-27T22:51:42.361+02:00  INFO 17728 --- [           main] o.s.b.w.embedded.tomcat.TomcatWebServer  : Tomcat started on port(s): 60634 (http) with context path ''
2025-05-27T22:51:42.363+02:00  INFO 17728 --- [           main] e.u.i.sii.plytix.pana.ApplicationTests   : Started ApplicationTests in 0.658 seconds (process running for 22.529)
Hibernate: 
    select
        p1_0.id,
        p1_0.max_activos,
        p1_0.max_almacenamiento,
        p1_0.max_categorias_activos,
        p1_0.max_categorias_productos,
        p1_0.max_productos,
        p1_0.max_relaciones,
        p1_0.nombre,
        p1_0.precio 
    from
        plan p1_0
Hibernate: 
    select
        c1_0.id,
        c1_0.nif,
        c1_0.dir_fiscal,
        c1_0.dueno_id,
        c1_0.fecha_alta,
        c1_0.nombre,
        c1_0.plan 
    from
        cuenta c1_0
Hibernate: 
    insert 
    into
        plan
        (id, max_activos, max_almacenamiento, max_categorias_activos, max_categorias_productos, max_productos, max_relaciones, nombre, precio) 
    values
        (default, ?, ?, ?, ?, ?, ?, ?, ?)
Hibernate: 
    select
        c1_0.id,
        c1_0.nif,
        c1_0.dir_fiscal,
        c1_0.dueno_id,
        c1_0.fecha_alta,
        c1_0.nombre,
        p1_0.id,
        p1_0.max_activos,
        p1_0.max_almacenamiento,
        p1_0.max_categorias_activos,
        p1_0.max_categorias_productos,
        p1_0.max_productos,
        p1_0.max_relaciones,
        p1_0.nombre,
        p1_0.precio 
    from
        cuenta c1_0 
    left join
        plan p1_0 
            on p1_0.id=c1_0.plan 
    where
        c1_0.id=?
Hibernate: 
    select
        p1_0.id,
        p1_0.max_activos,
        p1_0.max_almacenamiento,
        p1_0.max_categorias_activos,
        p1_0.max_categorias_productos,
        p1_0.max_productos,
        p1_0.max_relaciones,
        p1_0.nombre,
        p1_0.precio 
    from
        plan p1_0 
    where
        p1_0.id=?
Hibernate: 
    insert 
    into
        cuenta
        (nif, dir_fiscal, dueno_id, fecha_alta, nombre, plan, id) 
    values
        (?, ?, ?, ?, ?, ?, ?)
Hibernate: 
    insert 
    into
        cuenta_usuarios
        (cuenta_id, usuarios) 
    values
        (?, ?)
Hibernate: 
    insert 
    into
        cuenta_usuarios
        (cuenta_id, usuarios) 
    values
        (?, ?)
Hibernate: 
    insert 
    into
        cuenta_usuarios
        (cuenta_id, usuarios) 
    values
        (?, ?)
Hibernate: 
    select
        c1_0.id,
        c1_0.nif,
        c1_0.dir_fiscal,
        c1_0.dueno_id,
        c1_0.fecha_alta,
        c1_0.nombre,
        p1_0.id,
        p1_0.max_activos,
        p1_0.max_almacenamiento,
        p1_0.max_categorias_activos,
        p1_0.max_categorias_productos,
        p1_0.max_productos,
        p1_0.max_relaciones,
        p1_0.nombre,
        p1_0.precio 
    from
        cuenta c1_0 
    left join
        plan p1_0 
            on p1_0.id=c1_0.plan 
    where
        c1_0.id=?
Hibernate: 
    select
        p1_0.id,
        p1_0.max_activos,
        p1_0.max_almacenamiento,
        p1_0.max_categorias_activos,
        p1_0.max_categorias_productos,
        p1_0.max_productos,
        p1_0.max_relaciones,
        p1_0.nombre,
        p1_0.precio 
    from
        plan p1_0 
    where
        p1_0.id=?
Hibernate: 
    insert 
    into
        cuenta
        (nif, dir_fiscal, dueno_id, fecha_alta, nombre, plan, id) 
    values
        (?, ?, ?, ?, ?, ?, ?)
Hibernate: 
    insert 
    into
        cuenta_usuarios
        (cuenta_id, usuarios) 
    values
        (?, ?)
Hibernate: 
    insert 
    into
        cuenta_usuarios
        (cuenta_id, usuarios) 
    values
        (?, ?)
Hibernate: 
    insert 
    into
        cuenta_usuarios
        (cuenta_id, usuarios) 
    values
        (?, ?)
Hibernate: 
    select
        p1_0.id,
        p1_0.max_activos,
        p1_0.max_almacenamiento,
        p1_0.max_categorias_activos,
        p1_0.max_categorias_productos,
        p1_0.max_productos,
        p1_0.max_relaciones,
        p1_0.nombre,
        p1_0.precio 
    from
        plan p1_0
2025-05-27T22:51:42.402+02:00  INFO 17728 --- [-auto-14-exec-1] o.a.c.c.C.[Tomcat].[localhost].[/]       : Initializing Spring DispatcherServlet 'dispatcherServlet'
2025-05-27T22:51:42.402+02:00  INFO 17728 --- [-auto-14-exec-1] o.s.web.servlet.DispatcherServlet        : Initializing Servlet 'dispatcherServlet'
2025-05-27T22:51:42.403+02:00  INFO 17728 --- [-auto-14-exec-1] o.s.web.servlet.DispatcherServlet        : Completed initialization in 1 ms
2025-05-27T22:51:42.403+02:00  INFO 17728 --- [-auto-14-exec-1] e.u.i.s.p.pana.config.JwtRequestFilter   : El token no comienza con Bearer
Hibernate: 
    select
        p1_0.id,
        p1_0.max_activos,
        p1_0.max_almacenamiento,
        p1_0.max_categorias_activos,
        p1_0.max_categorias_productos,
        p1_0.max_productos,
        p1_0.max_relaciones,
        p1_0.nombre,
        p1_0.precio 
    from
        plan p1_0 
    where
        p1_0.id=?
Hibernate: 
    update
        plan 
    set
        max_activos=?,
        max_almacenamiento=?,
        max_categorias_activos=?,
        max_categorias_productos=?,
        max_productos=?,
        max_relaciones=?,
        nombre=?,
        precio=? 
    where
        id=?
Hibernate: 
    select
        p1_0.id,
        p1_0.max_activos,
        p1_0.max_almacenamiento,
        p1_0.max_categorias_activos,
        p1_0.max_categorias_productos,
        p1_0.max_productos,
        p1_0.max_relaciones,
        p1_0.nombre,
        p1_0.precio 
    from
        plan p1_0 
    where
        p1_0.id=?
2025-05-27T22:51:42.445+02:00  INFO 17728 --- [           main] o.apache.catalina.core.StandardService   : Stopping service [Tomcat]
2025-05-27T22:51:42.445+02:00  INFO 17728 --- [           main] o.a.c.c.C.[Tomcat].[localhost].[/]       : Destroying Spring FrameworkServlet 'dispatcherServlet'
2025-05-27T22:51:42.447+02:00  INFO 17728 --- [           main] j.LocalContainerEntityManagerFactoryBean : Closing JPA EntityManagerFactory for persistence unit 'default'
2025-05-27T22:51:42.447+02:00  INFO 17728 --- [           main] .SchemaDropperImpl$DelayedDropActionImpl : HHH000477: Starting delayed evictData of schema as part of SessionFactory shut-down'
Hibernate: 
    
    drop table if exists cuenta cascade 
Hibernate: 
    
    drop table if exists cuenta_usuarios cascade 
Hibernate: 
    
    drop table if exists plan cascade 
2025-05-27T22:51:42.449+02:00  INFO 17728 --- [           main] com.zaxxer.hikari.HikariDataSource       : HikariPool-14 - Shutdown initiated...
2025-05-27T22:51:42.449+02:00  INFO 17728 --- [           main] com.zaxxer.hikari.HikariDataSource       : HikariPool-14 - Shutdown completed.
]]></system-out>
  </testcase>
  <testcase name="modificarPlanInexistente" classname="es.uma.informatica.sii.plytix.pana.ApplicationTests$ListaConDatos2$ModificarPlanes" time="0.084">
    <system-out><![CDATA[
  .   ____          _            __ _ _
 /\\ / ___'_ __ _ _(_)_ __  __ _ \ \ \ \
( ( )\___ | '_ | '_| | '_ \/ _` | \ \ \ \
 \\/  ___)| |_)| | | | | || (_| |  ) ) ) )
  '  |____| .__|_| |_|_| |_\__, | / / / /
 =========|_|==============|___/=/_/_/_/
 :: Spring Boot ::                (v3.0.2)

2025-05-27T22:51:42.468+02:00  INFO 17728 --- [           main] e.u.i.sii.plytix.pana.ApplicationTests   : Starting ApplicationTests using Java 17.0.5 with PID 17728 (started by enriq in C:\Users\enriq\OneDrive\Escritorio\SII\mini-pim-plytix-pana-TEST-JOSE-MOSHAB-JOSE2)
2025-05-27T22:51:42.468+02:00  INFO 17728 --- [           main] e.u.i.sii.plytix.pana.ApplicationTests   : No active profile set, falling back to 1 default profile: "default"
2025-05-27T22:51:42.593+02:00  INFO 17728 --- [           main] .s.d.r.c.RepositoryConfigurationDelegate : Bootstrapping Spring Data JPA repositories in DEFAULT mode.
2025-05-27T22:51:42.602+02:00  INFO 17728 --- [           main] .s.d.r.c.RepositoryConfigurationDelegate : Finished Spring Data repository scanning in 9 ms. Found 2 JPA repository interfaces.
2025-05-27T22:51:42.638+02:00  INFO 17728 --- [           main] o.s.b.w.embedded.tomcat.TomcatWebServer  : Tomcat initialized with port(s): 0 (http)
2025-05-27T22:51:42.638+02:00  INFO 17728 --- [           main] o.apache.catalina.core.StandardService   : Starting service [Tomcat]
2025-05-27T22:51:42.638+02:00  INFO 17728 --- [           main] o.apache.catalina.core.StandardEngine    : Starting Servlet engine: [Apache Tomcat/10.1.5]
2025-05-27T22:51:42.660+02:00  INFO 17728 --- [           main] o.a.c.c.C.[Tomcat].[localhost].[/]       : Initializing Spring embedded WebApplicationContext
2025-05-27T22:51:42.660+02:00  INFO 17728 --- [           main] w.s.c.ServletWebServerApplicationContext : Root WebApplicationContext: initialization completed in 191 ms
2025-05-27T22:51:42.666+02:00  INFO 17728 --- [           main] com.zaxxer.hikari.HikariDataSource       : HikariPool-15 - Starting...
2025-05-27T22:51:42.667+02:00  INFO 17728 --- [           main] com.zaxxer.hikari.pool.HikariPool        : HikariPool-15 - Added connection conn140: url=jdbc:h2:mem:testdb user=SA
2025-05-27T22:51:42.667+02:00  INFO 17728 --- [           main] com.zaxxer.hikari.HikariDataSource       : HikariPool-15 - Start completed.
2025-05-27T22:51:42.667+02:00  INFO 17728 --- [           main] o.s.b.a.h2.H2ConsoleAutoConfiguration    : H2 console available at '/h2-console'. Database available at 'jdbc:h2:mem:testdb'
2025-05-27T22:51:42.683+02:00  INFO 17728 --- [           main] o.hibernate.jpa.internal.util.LogHelper  : HHH000204: Processing PersistenceUnitInfo [name: default]
2025-05-27T22:51:42.686+02:00  WARN 17728 --- [           main] org.hibernate.orm.deprecation            : HHH90000021: Encountered deprecated setting [javax.persistence.sharedCache.mode], use [jakarta.persistence.sharedCache.mode] instead
2025-05-27T22:51:42.689+02:00  INFO 17728 --- [           main] SQL dialect                              : HHH000400: Using dialect: org.hibernate.dialect.H2Dialect
Hibernate: 
    
    drop table if exists cuenta cascade 
Hibernate: 
    
    drop table if exists cuenta_usuarios cascade 
Hibernate: 
    
    drop table if exists plan cascade 
Hibernate: 
    
    create table cuenta (
       id bigint not null,
        nif varchar(255),
        dir_fiscal varchar(255),
        dueno_id bigint,
        fecha_alta date,
        nombre varchar(255),
        plan bigint,
        primary key (id)
    )
Hibernate: 
    
    create table cuenta_usuarios (
       cuenta_id bigint not null,
        usuarios bigint
    )
Hibernate: 
    
    create table plan (
       id bigint generated by default as identity,
        max_activos bigint,
        max_almacenamiento bigint,
        max_categorias_activos bigint,
        max_categorias_productos bigint,
        max_productos bigint,
        max_relaciones bigint,
        nombre varchar(255),
        precio float(53),
        primary key (id)
    )
Hibernate: 
    
    alter table if exists cuenta 
       add constraint fk_cuenta_plan 
       foreign key (plan) 
       references plan
Hibernate: 
    
    alter table if exists cuenta_usuarios 
       add constraint FKn2m3nqhyu579qm9vjvrr3utxo 
       foreign key (cuenta_id) 
       references cuenta
2025-05-27T22:51:42.732+02:00  INFO 17728 --- [           main] o.h.e.t.j.p.i.JtaPlatformInitiator       : HHH000490: Using JtaPlatform implementation: [org.hibernate.engine.transaction.jta.platform.internal.NoJtaPlatform]
2025-05-27T22:51:42.732+02:00  INFO 17728 --- [           main] j.LocalContainerEntityManagerFactoryBean : Initialized JPA EntityManagerFactory for persistence unit 'default'
2025-05-27T22:51:42.777+02:00  WARN 17728 --- [           main] JpaBaseConfiguration$JpaWebConfiguration : spring.jpa.open-in-view is enabled by default. Therefore, database queries may be performed during view rendering. Explicitly configure spring.jpa.open-in-view to disable this warning
2025-05-27T22:51:42.780+02:00  WARN 17728 --- [           main] .s.s.UserDetailsServiceAutoConfiguration : 

Using generated security password: a0e1f992-8f43-4659-8900-bdbeadf27057

This generated password is for development use only. Your security configuration must be updated before running your application in production.

2025-05-27T22:51:42.784+02:00  INFO 17728 --- [           main] o.s.s.web.DefaultSecurityFilterChain     : Will secure any request with [org.springframework.security.web.session.DisableEncodeUrlFilter@585b73dc, org.springframework.security.web.context.request.async.WebAsyncManagerIntegrationFilter@7a680cd1, org.springframework.security.web.context.SecurityContextHolderFilter@601644b6, org.springframework.security.web.header.HeaderWriterFilter@248bd488, org.springframework.security.web.authentication.logout.LogoutFilter@71fa7d63, es.uma.informatica.sii.plytix.pana.config.JwtRequestFilter@30886978, org.springframework.security.web.savedrequest.RequestCacheAwareFilter@6c7f2a61, org.springframework.security.web.servletapi.SecurityContextHolderAwareRequestFilter@162a9cf2, org.springframework.security.web.authentication.AnonymousAuthenticationFilter@53cbd16, org.springframework.security.web.session.SessionManagementFilter@e6bc51, org.springframework.security.web.access.ExceptionTranslationFilter@70df8742, org.springframework.security.web.access.intercept.AuthorizationFilter@26cca069]
2025-05-27T22:51:43.080+02:00  INFO 17728 --- [           main] o.s.b.w.embedded.tomcat.TomcatWebServer  : Tomcat started on port(s): 60637 (http) with context path ''
2025-05-27T22:51:43.083+02:00  INFO 17728 --- [           main] e.u.i.sii.plytix.pana.ApplicationTests   : Started ApplicationTests in 0.631 seconds (process running for 23.248)
Hibernate: 
    select
        p1_0.id,
        p1_0.max_activos,
        p1_0.max_almacenamiento,
        p1_0.max_categorias_activos,
        p1_0.max_categorias_productos,
        p1_0.max_productos,
        p1_0.max_relaciones,
        p1_0.nombre,
        p1_0.precio 
    from
        plan p1_0
Hibernate: 
    select
        c1_0.id,
        c1_0.nif,
        c1_0.dir_fiscal,
        c1_0.dueno_id,
        c1_0.fecha_alta,
        c1_0.nombre,
        c1_0.plan 
    from
        cuenta c1_0
Hibernate: 
    insert 
    into
        plan
        (id, max_activos, max_almacenamiento, max_categorias_activos, max_categorias_productos, max_productos, max_relaciones, nombre, precio) 
    values
        (default, ?, ?, ?, ?, ?, ?, ?, ?)
Hibernate: 
    select
        c1_0.id,
        c1_0.nif,
        c1_0.dir_fiscal,
        c1_0.dueno_id,
        c1_0.fecha_alta,
        c1_0.nombre,
        p1_0.id,
        p1_0.max_activos,
        p1_0.max_almacenamiento,
        p1_0.max_categorias_activos,
        p1_0.max_categorias_productos,
        p1_0.max_productos,
        p1_0.max_relaciones,
        p1_0.nombre,
        p1_0.precio 
    from
        cuenta c1_0 
    left join
        plan p1_0 
            on p1_0.id=c1_0.plan 
    where
        c1_0.id=?
Hibernate: 
    select
        p1_0.id,
        p1_0.max_activos,
        p1_0.max_almacenamiento,
        p1_0.max_categorias_activos,
        p1_0.max_categorias_productos,
        p1_0.max_productos,
        p1_0.max_relaciones,
        p1_0.nombre,
        p1_0.precio 
    from
        plan p1_0 
    where
        p1_0.id=?
Hibernate: 
    insert 
    into
        cuenta
        (nif, dir_fiscal, dueno_id, fecha_alta, nombre, plan, id) 
    values
        (?, ?, ?, ?, ?, ?, ?)
Hibernate: 
    insert 
    into
        cuenta_usuarios
        (cuenta_id, usuarios) 
    values
        (?, ?)
Hibernate: 
    insert 
    into
        cuenta_usuarios
        (cuenta_id, usuarios) 
    values
        (?, ?)
Hibernate: 
    insert 
    into
        cuenta_usuarios
        (cuenta_id, usuarios) 
    values
        (?, ?)
Hibernate: 
    select
        c1_0.id,
        c1_0.nif,
        c1_0.dir_fiscal,
        c1_0.dueno_id,
        c1_0.fecha_alta,
        c1_0.nombre,
        p1_0.id,
        p1_0.max_activos,
        p1_0.max_almacenamiento,
        p1_0.max_categorias_activos,
        p1_0.max_categorias_productos,
        p1_0.max_productos,
        p1_0.max_relaciones,
        p1_0.nombre,
        p1_0.precio 
    from
        cuenta c1_0 
    left join
        plan p1_0 
            on p1_0.id=c1_0.plan 
    where
        c1_0.id=?
Hibernate: 
    select
        p1_0.id,
        p1_0.max_activos,
        p1_0.max_almacenamiento,
        p1_0.max_categorias_activos,
        p1_0.max_categorias_productos,
        p1_0.max_productos,
        p1_0.max_relaciones,
        p1_0.nombre,
        p1_0.precio 
    from
        plan p1_0 
    where
        p1_0.id=?
Hibernate: 
    insert 
    into
        cuenta
        (nif, dir_fiscal, dueno_id, fecha_alta, nombre, plan, id) 
    values
        (?, ?, ?, ?, ?, ?, ?)
Hibernate: 
    insert 
    into
        cuenta_usuarios
        (cuenta_id, usuarios) 
    values
        (?, ?)
Hibernate: 
    insert 
    into
        cuenta_usuarios
        (cuenta_id, usuarios) 
    values
        (?, ?)
Hibernate: 
    insert 
    into
        cuenta_usuarios
        (cuenta_id, usuarios) 
    values
        (?, ?)
2025-05-27T22:51:43.103+02:00  INFO 17728 --- [-auto-15-exec-1] o.a.c.c.C.[Tomcat].[localhost].[/]       : Initializing Spring DispatcherServlet 'dispatcherServlet'
2025-05-27T22:51:43.103+02:00  INFO 17728 --- [-auto-15-exec-1] o.s.web.servlet.DispatcherServlet        : Initializing Servlet 'dispatcherServlet'
2025-05-27T22:51:43.104+02:00  INFO 17728 --- [-auto-15-exec-1] o.s.web.servlet.DispatcherServlet        : Completed initialization in 0 ms
2025-05-27T22:51:43.104+02:00  INFO 17728 --- [-auto-15-exec-1] e.u.i.s.p.pana.config.JwtRequestFilter   : El token no comienza con Bearer
2025-05-27T22:51:43.164+02:00  INFO 17728 --- [           main] o.apache.catalina.core.StandardService   : Stopping service [Tomcat]
2025-05-27T22:51:43.164+02:00  INFO 17728 --- [           main] o.a.c.c.C.[Tomcat].[localhost].[/]       : Destroying Spring FrameworkServlet 'dispatcherServlet'
2025-05-27T22:51:43.167+02:00  INFO 17728 --- [           main] j.LocalContainerEntityManagerFactoryBean : Closing JPA EntityManagerFactory for persistence unit 'default'
2025-05-27T22:51:43.167+02:00  INFO 17728 --- [           main] .SchemaDropperImpl$DelayedDropActionImpl : HHH000477: Starting delayed evictData of schema as part of SessionFactory shut-down'
Hibernate: 
    
    drop table if exists cuenta cascade 
Hibernate: 
    
    drop table if exists cuenta_usuarios cascade 
Hibernate: 
    
    drop table if exists plan cascade 
2025-05-27T22:51:43.168+02:00  INFO 17728 --- [           main] com.zaxxer.hikari.HikariDataSource       : HikariPool-15 - Shutdown initiated...
2025-05-27T22:51:43.169+02:00  INFO 17728 --- [           main] com.zaxxer.hikari.HikariDataSource       : HikariPool-15 - Shutdown completed.
]]></system-out>
  </testcase>
</testsuite>