<?xml version="1.0" encoding="UTF-8"?>
<testsuite xmlns:xsi="http://www.w3.org/2001/XMLSchema-instance" xsi:noNamespaceSchemaLocation="https://maven.apache.org/surefire/maven-surefire-plugin/xsd/surefire-test-report-3.0.xsd" version="3.0" name="es.uma.informatica.sii.plytix.pana.ApplicationTests$PlanListaVacia" time="1.155" tests="1" errors="1" skipped="0" failures="0">
  <properties>
[...]
</properties>
  <testcase name="listaVacia" classname="es.uma.informatica.sii.plytix.pana.ApplicationTests$PlanListaVacia" time="0.028">
    <error message="class org.springframework.http.RequestEntity$DefaultBodyBuilder cannot be cast to class org.springframework.http.RequestEntity (org.springframework.http.RequestEntity$DefaultBodyBuilder and org.springframework.http.RequestEntity are in unnamed module of loader &apos;app&apos;)" type="java.lang.ClassCastException"><![CDATA[java.lang.ClassCastException: class org.springframework.http.RequestEntity$DefaultBodyBuilder cannot be cast to class org.springframework.http.RequestEntity (org.springframework.http.RequestEntity$DefaultBodyBuilder and org.springframework.http.RequestEntity are in unnamed module of loader 'app')
	at es.uma.informatica.sii.plytix.pana.ApplicationTests$PlanListaVacia.listaVacia(ApplicationTests.java:673)
	at java.base/jdk.internal.reflect.DirectMethodHandleAccessor.invoke(DirectMethodHandleAccessor.java:103)
	at java.base/java.lang.reflect.Method.invoke(Method.java:580)
	at org.junit.platform.commons.util.ReflectionUtils.invokeMethod(ReflectionUtils.java:727)
	at org.junit.jupiter.engine.execution.MethodInvocation.proceed(MethodInvocation.java:60)
	at org.junit.jupiter.engine.execution.InvocationInterceptorChain$ValidatingInvocation.proceed(InvocationInterceptorChain.java:131)
	at org.junit.jupiter.engine.extension.TimeoutExtension.intercept(TimeoutExtension.java:156)
	at org.junit.jupiter.engine.extension.TimeoutExtension.interceptTestableMethod(TimeoutExtension.java:147)
	at org.junit.jupiter.engine.extension.TimeoutExtension.interceptTestMethod(TimeoutExtension.java:86)
	at org.junit.jupiter.engine.execution.InterceptingExecutableInvoker$ReflectiveInterceptorCall.lambda$ofVoidMethod$0(InterceptingExecutableInvoker.java:103)
	at org.junit.jupiter.engine.execution.InterceptingExecutableInvoker.lambda$invoke$0(InterceptingExecutableInvoker.java:93)
	at org.junit.jupiter.engine.execution.InvocationInterceptorChain$InterceptedInvocation.proceed(InvocationInterceptorChain.java:106)
	at org.junit.jupiter.engine.execution.InvocationInterceptorChain.proceed(InvocationInterceptorChain.java:64)
	at org.junit.jupiter.engine.execution.InvocationInterceptorChain.chainAndInvoke(InvocationInterceptorChain.java:45)
	at org.junit.jupiter.engine.execution.InvocationInterceptorChain.invoke(InvocationInterceptorChain.java:37)
	at org.junit.jupiter.engine.execution.InterceptingExecutableInvoker.invoke(InterceptingExecutableInvoker.java:92)
	at org.junit.jupiter.engine.execution.InterceptingExecutableInvoker.invoke(InterceptingExecutableInvoker.java:86)
	at org.junit.jupiter.engine.descriptor.TestMethodTestDescriptor.lambda$invokeTestMethod$7(TestMethodTestDescriptor.java:217)
	at org.junit.platform.engine.support.hierarchical.ThrowableCollector.execute(ThrowableCollector.java:73)
	at org.junit.jupiter.engine.descriptor.TestMethodTestDescriptor.invokeTestMethod(TestMethodTestDescriptor.java:213)
	at org.junit.jupiter.engine.descriptor.TestMethodTestDescriptor.execute(TestMethodTestDescriptor.java:138)
	at org.junit.jupiter.engine.descriptor.TestMethodTestDescriptor.execute(TestMethodTestDescriptor.java:68)
	at org.junit.platform.engine.support.hierarchical.NodeTestTask.lambda$executeRecursively$6(NodeTestTask.java:151)
	at org.junit.platform.engine.support.hierarchical.ThrowableCollector.execute(ThrowableCollector.java:73)
	at org.junit.platform.engine.support.hierarchical.NodeTestTask.lambda$executeRecursively$8(NodeTestTask.java:141)
	at org.junit.platform.engine.support.hierarchical.Node.around(Node.java:137)
	at org.junit.platform.engine.support.hierarchical.NodeTestTask.lambda$executeRecursively$9(NodeTestTask.java:139)
	at org.junit.platform.engine.support.hierarchical.ThrowableCollector.execute(ThrowableCollector.java:73)
	at org.junit.platform.engine.support.hierarchical.NodeTestTask.executeRecursively(NodeTestTask.java:138)
	at org.junit.platform.engine.support.hierarchical.NodeTestTask.execute(NodeTestTask.java:95)
	at java.base/java.util.ArrayList.forEach(ArrayList.java:1596)
	at org.junit.platform.engine.support.hierarchical.SameThreadHierarchicalTestExecutorService.invokeAll(SameThreadHierarchicalTestExecutorService.java:41)
	at org.junit.platform.engine.support.hierarchical.NodeTestTask.lambda$executeRecursively$6(NodeTestTask.java:155)
	at org.junit.platform.engine.support.hierarchical.ThrowableCollector.execute(ThrowableCollector.java:73)
	at org.junit.platform.engine.support.hierarchical.NodeTestTask.lambda$executeRecursively$8(NodeTestTask.java:141)
	at org.junit.platform.engine.support.hierarchical.Node.around(Node.java:137)
	at org.junit.platform.engine.support.hierarchical.NodeTestTask.lambda$executeRecursively$9(NodeTestTask.java:139)
	at org.junit.platform.engine.support.hierarchical.ThrowableCollector.execute(ThrowableCollector.java:73)
	at org.junit.platform.engine.support.hierarchical.NodeTestTask.executeRecursively(NodeTestTask.java:138)
	at org.junit.platform.engine.support.hierarchical.NodeTestTask.execute(NodeTestTask.java:95)
	at java.base/java.util.ArrayList.forEach(ArrayList.java:1596)
	at org.junit.platform.engine.support.hierarchical.SameThreadHierarchicalTestExecutorService.invokeAll(SameThreadHierarchicalTestExecutorService.java:41)
	at org.junit.platform.engine.support.hierarchical.NodeTestTask.lambda$executeRecursively$6(NodeTestTask.java:155)
	at org.junit.platform.engine.support.hierarchical.ThrowableCollector.execute(ThrowableCollector.java:73)
	at org.junit.platform.engine.support.hierarchical.NodeTestTask.lambda$executeRecursively$8(NodeTestTask.java:141)
	at org.junit.platform.engine.support.hierarchical.Node.around(Node.java:137)
	at org.junit.platform.engine.support.hierarchical.NodeTestTask.lambda$executeRecursively$9(NodeTestTask.java:139)
	at org.junit.platform.engine.support.hierarchical.ThrowableCollector.execute(ThrowableCollector.java:73)
	at org.junit.platform.engine.support.hierarchical.NodeTestTask.executeRecursively(NodeTestTask.java:138)
	at org.junit.platform.engine.support.hierarchical.NodeTestTask.execute(NodeTestTask.java:95)
	at java.base/java.util.ArrayList.forEach(ArrayList.java:1596)
	at org.junit.platform.engine.support.hierarchical.SameThreadHierarchicalTestExecutorService.invokeAll(SameThreadHierarchicalTestExecutorService.java:41)
	at org.junit.platform.engine.support.hierarchical.NodeTestTask.lambda$executeRecursively$6(NodeTestTask.java:155)
	at org.junit.platform.engine.support.hierarchical.ThrowableCollector.execute(ThrowableCollector.java:73)
	at org.junit.platform.engine.support.hierarchical.NodeTestTask.lambda$executeRecursively$8(NodeTestTask.java:141)
	at org.junit.platform.engine.support.hierarchical.Node.around(Node.java:137)
	at org.junit.platform.engine.support.hierarchical.NodeTestTask.lambda$executeRecursively$9(NodeTestTask.java:139)
	at org.junit.platform.engine.support.hierarchical.ThrowableCollector.execute(ThrowableCollector.java:73)
	at org.junit.platform.engine.support.hierarchical.NodeTestTask.executeRecursively(NodeTestTask.java:138)
	at org.junit.platform.engine.support.hierarchical.NodeTestTask.execute(NodeTestTask.java:95)
	at org.junit.platform.engine.support.hierarchical.SameThreadHierarchicalTestExecutorService.submit(SameThreadHierarchicalTestExecutorService.java:35)
	at org.junit.platform.engine.support.hierarchical.HierarchicalTestExecutor.execute(HierarchicalTestExecutor.java:57)
	at org.junit.platform.engine.support.hierarchical.HierarchicalTestEngine.execute(HierarchicalTestEngine.java:54)
	at org.junit.platform.launcher.core.EngineExecutionOrchestrator.execute(EngineExecutionOrchestrator.java:147)
	at org.junit.platform.launcher.core.EngineExecutionOrchestrator.execute(EngineExecutionOrchestrator.java:127)
	at org.junit.platform.launcher.core.EngineExecutionOrchestrator.execute(EngineExecutionOrchestrator.java:90)
	at org.junit.platform.launcher.core.EngineExecutionOrchestrator.lambda$execute$0(EngineExecutionOrchestrator.java:55)
	at org.junit.platform.launcher.core.EngineExecutionOrchestrator.withInterceptedStreams(EngineExecutionOrchestrator.java:102)
	at org.junit.platform.launcher.core.EngineExecutionOrchestrator.execute(EngineExecutionOrchestrator.java:54)
	at org.junit.platform.launcher.core.DefaultLauncher.execute(DefaultLauncher.java:114)
	at org.junit.platform.launcher.core.DefaultLauncher.execute(DefaultLauncher.java:86)
	at org.junit.platform.launcher.core.DefaultLauncherSession$DelegatingLauncher.execute(DefaultLauncherSession.java:86)
	at org.apache.maven.surefire.junitplatform.LazyLauncher.execute(LazyLauncher.java:55)
	at org.apache.maven.surefire.junitplatform.JUnitPlatformProvider.execute(JUnitPlatformProvider.java:223)
	at org.apache.maven.surefire.junitplatform.JUnitPlatformProvider.invokeAllTests(JUnitPlatformProvider.java:175)
	at org.apache.maven.surefire.junitplatform.JUnitPlatformProvider.invoke(JUnitPlatformProvider.java:139)
	at org.apache.maven.surefire.booter.ForkedBooter.runSuitesInProcess(ForkedBooter.java:456)
	at org.apache.maven.surefire.booter.ForkedBooter.execute(ForkedBooter.java:169)
	at org.apache.maven.surefire.booter.ForkedBooter.run(ForkedBooter.java:595)
	at org.apache.maven.surefire.booter.ForkedBooter.main(ForkedBooter.java:581)
]]></error>
    <system-out><![CDATA[2025-05-28T00:12:29.745+02:00  INFO 14880 --- [           main] t.c.s.AnnotationConfigContextLoaderUtils : Could not detect default configuration classes for test class [es.uma.informatica.sii.plytix.pana.ApplicationTests$PlanListaVacia]: PlanListaVacia does not declare any static, non-private, non-final, nested classes annotated with @Configuration.
2025-05-28T00:12:29.747+02:00  INFO 14880 --- [           main] .b.t.c.SpringBootTestContextBootstrapper : Found @SpringBootConfiguration es.uma.informatica.sii.plytix.pana.Application for test class es.uma.informatica.sii.plytix.pana.ApplicationTests$PlanListaVacia

  .   ____          _            __ _ _
 /\\ / ___'_ __ _ _(_)_ __  __ _ \ \ \ \
( ( )\___ | '_ | '_| | '_ \/ _` | \ \ \ \
 \\/  ___)| |_)| | | | | || (_| |  ) ) ) )
  '  |____| .__|_| |_|_| |_\__, | / / / /
 =========|_|==============|___/=/_/_/_/
 :: Spring Boot ::                (v3.0.2)

2025-05-28T00:12:29.783+02:00  INFO 14880 --- [           main] e.u.i.sii.plytix.pana.ApplicationTests   : Starting ApplicationTests using Java 21.0.4 with PID 14880 (started by 34615 in C:\Users\34615\Downloads\mini-pim-plytix-pana-TEST-JOSE-MOSHAB-JOSE2-ENRIQUE\mini-pim-plytix-pana-TEST-JOSE-MOSHAB-JOSE2-ENRIQUE)
2025-05-28T00:12:29.784+02:00  INFO 14880 --- [           main] e.u.i.sii.plytix.pana.ApplicationTests   : No active profile set, falling back to 1 default profile: "default"
2025-05-28T00:12:29.961+02:00  INFO 14880 --- [           main] .s.d.r.c.RepositoryConfigurationDelegate : Bootstrapping Spring Data JPA repositories in DEFAULT mode.
2025-05-28T00:12:29.974+02:00  INFO 14880 --- [           main] .s.d.r.c.RepositoryConfigurationDelegate : Finished Spring Data repository scanning in 12 ms. Found 2 JPA repository interfaces.
2025-05-28T00:12:30.038+02:00  INFO 14880 --- [           main] o.s.b.w.embedded.tomcat.TomcatWebServer  : Tomcat initialized with port(s): 0 (http)
2025-05-28T00:12:30.039+02:00  INFO 14880 --- [           main] o.apache.catalina.core.StandardService   : Starting service [Tomcat]
2025-05-28T00:12:30.039+02:00  INFO 14880 --- [           main] o.apache.catalina.core.StandardEngine    : Starting Servlet engine: [Apache Tomcat/10.1.5]
2025-05-28T00:12:30.078+02:00  INFO 14880 --- [           main] o.a.c.c.C.[Tomcat].[localhost].[/]       : Initializing Spring embedded WebApplicationContext
2025-05-28T00:12:30.078+02:00  INFO 14880 --- [           main] w.s.c.ServletWebServerApplicationContext : Root WebApplicationContext: initialization completed in 293 ms
2025-05-28T00:12:30.089+02:00  INFO 14880 --- [           main] com.zaxxer.hikari.HikariDataSource       : HikariPool-7 - Starting...
2025-05-28T00:12:30.093+02:00  INFO 14880 --- [           main] com.zaxxer.hikari.pool.HikariPool        : HikariPool-7 - Added connection conn60: url=jdbc:h2:mem:testdb user=SA
2025-05-28T00:12:30.094+02:00  INFO 14880 --- [           main] com.zaxxer.hikari.HikariDataSource       : HikariPool-7 - Start completed.
2025-05-28T00:12:30.094+02:00  INFO 14880 --- [           main] o.s.b.a.h2.H2ConsoleAutoConfiguration    : H2 console available at '/h2-console'. Database available at 'jdbc:h2:mem:testdb'
2025-05-28T00:12:30.119+02:00  INFO 14880 --- [           main] o.hibernate.jpa.internal.util.LogHelper  : HHH000204: Processing PersistenceUnitInfo [name: default]
2025-05-28T00:12:30.122+02:00  WARN 14880 --- [           main] org.hibernate.orm.deprecation            : HHH90000021: Encountered deprecated setting [javax.persistence.sharedCache.mode], use [jakarta.persistence.sharedCache.mode] instead
2025-05-28T00:12:30.128+02:00  INFO 14880 --- [           main] SQL dialect                              : HHH000400: Using dialect: org.hibernate.dialect.H2Dialect
Hibernate: 
    
    drop table if exists cuenta cascade 
Hibernate: 
    
    drop table if exists cuenta_usuarios cascade 
Hibernate: 
    
    drop table if exists plan cascade 
Hibernate: 
    
    create table cuenta (
       id bigint not null,
        nif varchar(255),
        dir_fiscal varchar(255),
        dueno_id bigint,
        fecha_alta date,
        nombre varchar(255),
        plan bigint,
        primary key (id)
    )
Hibernate: 
    
    create table cuenta_usuarios (
       cuenta_id bigint not null,
        usuarios bigint
    )
Hibernate: 
    
    create table plan (
       id bigint generated by default as identity,
        max_activos bigint,
        max_almacenamiento bigint,
        max_categorias_activos bigint,
        max_categorias_productos bigint,
        max_productos bigint,
        max_relaciones bigint,
        nombre varchar(255),
        precio float(53),
        primary key (id)
    )
Hibernate: 
    
    alter table if exists cuenta 
       add constraint fk_cuenta_plan 
       foreign key (plan) 
       references plan
Hibernate: 
    
    alter table if exists cuenta_usuarios 
       add constraint FKn2m3nqhyu579qm9vjvrr3utxo 
       foreign key (cuenta_id) 
       references cuenta
2025-05-28T00:12:30.223+02:00  INFO 14880 --- [           main] o.h.e.t.j.p.i.JtaPlatformInitiator       : HHH000490: Using JtaPlatform implementation: [org.hibernate.engine.transaction.jta.platform.internal.NoJtaPlatform]
2025-05-28T00:12:30.223+02:00  INFO 14880 --- [           main] j.LocalContainerEntityManagerFactoryBean : Initialized JPA EntityManagerFactory for persistence unit 'default'
2025-05-28T00:12:30.319+02:00  WARN 14880 --- [           main] JpaBaseConfiguration$JpaWebConfiguration : spring.jpa.open-in-view is enabled by default. Therefore, database queries may be performed during view rendering. Explicitly configure spring.jpa.open-in-view to disable this warning
2025-05-28T00:12:30.326+02:00  WARN 14880 --- [           main] .s.s.UserDetailsServiceAutoConfiguration : 

Using generated security password: 3dde878b-d0eb-428c-bd14-be882cfede05

This generated password is for development use only. Your security configuration must be updated before running your application in production.

2025-05-28T00:12:30.334+02:00  INFO 14880 --- [           main] o.s.s.web.DefaultSecurityFilterChain     : Will secure any request with [org.springframework.security.web.session.DisableEncodeUrlFilter@27a46b32, org.springframework.security.web.context.request.async.WebAsyncManagerIntegrationFilter@2cc5427c, org.springframework.security.web.context.SecurityContextHolderFilter@2397158a, org.springframework.security.web.header.HeaderWriterFilter@1d95e2ff, org.springframework.security.web.authentication.logout.LogoutFilter@2912f7d, es.uma.informatica.sii.plytix.pana.config.JwtRequestFilter@1fa5b470, org.springframework.security.web.savedrequest.RequestCacheAwareFilter@4288eed2, org.springframework.security.web.servletapi.SecurityContextHolderAwareRequestFilter@70387e66, org.springframework.security.web.authentication.AnonymousAuthenticationFilter@7e81f6d0, org.springframework.security.web.session.SessionManagementFilter@6631fa27, org.springframework.security.web.access.ExceptionTranslationFilter@5fb7c93b, org.springframework.security.web.access.intercept.AuthorizationFilter@34122a46]
2025-05-28T00:12:30.863+02:00  INFO 14880 --- [           main] o.s.b.w.embedded.tomcat.TomcatWebServer  : Tomcat started on port(s): 54392 (http) with context path ''
2025-05-28T00:12:30.865+02:00  INFO 14880 --- [           main] e.u.i.sii.plytix.pana.ApplicationTests   : Started ApplicationTests in 1.112 seconds (process running for 25.883)
Hibernate: 
    select
        p1_0.id,
        p1_0.max_activos,
        p1_0.max_almacenamiento,
        p1_0.max_categorias_activos,
        p1_0.max_categorias_productos,
        p1_0.max_productos,
        p1_0.max_relaciones,
        p1_0.nombre,
        p1_0.precio 
    from
        plan p1_0
Hibernate: 
    select
        c1_0.id,
        c1_0.nif,
        c1_0.dir_fiscal,
        c1_0.dueno_id,
        c1_0.fecha_alta,
        c1_0.nombre,
        c1_0.plan 
    from
        cuenta c1_0
2025-05-28T00:12:30.889+02:00  INFO 14880 --- [           main] o.apache.catalina.core.StandardService   : Stopping service [Tomcat]
2025-05-28T00:12:30.893+02:00  INFO 14880 --- [           main] j.LocalContainerEntityManagerFactoryBean : Closing JPA EntityManagerFactory for persistence unit 'default'
2025-05-28T00:12:30.893+02:00  INFO 14880 --- [           main] .SchemaDropperImpl$DelayedDropActionImpl : HHH000477: Starting delayed evictData of schema as part of SessionFactory shut-down'
Hibernate: 
    
    drop table if exists cuenta cascade 
Hibernate: 
    
    drop table if exists cuenta_usuarios cascade 
Hibernate: 
    
    drop table if exists plan cascade 
2025-05-28T00:12:30.896+02:00  INFO 14880 --- [           main] com.zaxxer.hikari.HikariDataSource       : HikariPool-7 - Shutdown initiated...
2025-05-28T00:12:30.897+02:00  INFO 14880 --- [           main] com.zaxxer.hikari.HikariDataSource       : HikariPool-7 - Shutdown completed.
]]></system-out>
  </testcase>
</testsuite>