<?xml version="1.0" encoding="UTF-8"?>
<testsuite xmlns:xsi="http://www.w3.org/2001/XMLSchema-instance" xsi:noNamespaceSchemaLocation="https://maven.apache.org/surefire/maven-surefire-plugin/xsd/surefire-test-report-3.0.xsd" version="3.0" name="es.uma.informatica.sii.plytix.pana.ApplicationTests$PlanConDatos$EliminarPlan" time="6.666" tests="2" errors="0" skipped="0" failures="0">
  <properties>
[...]
</properties>
  <testcase name="eliminaExistente" classname="es.uma.informatica.sii.plytix.pana.ApplicationTests$PlanConDatos$EliminarPlan" time="0.404">
    <system-out><![CDATA[17:32:35.076 [main] DEBUG org.springframework.boot.test.context.SpringBootTestContextBootstrapper - Neither @ContextConfiguration nor @ContextHierarchy found for test class [ApplicationTests]: using SpringBootContextLoader
17:32:35.083 [main] DEBUG org.springframework.test.context.support.AbstractContextLoader - Could not detect default resource locations for test class [es.uma.informatica.sii.plytix.pana.ApplicationTests]: no resource found for suffixes {-context.xml, Context.groovy}.
17:32:35.084 [main] DEBUG org.springframework.test.context.support.AnnotationConfigContextLoaderUtils - Ignoring class [es.uma.informatica.sii.plytix.pana.ApplicationTests$PlanConDatos]; it must be static, non-private, non-final, and annotated with @Configuration to be considered a default configuration class.
17:32:35.084 [main] DEBUG org.springframework.test.context.support.AnnotationConfigContextLoaderUtils - Ignoring class [es.uma.informatica.sii.plytix.pana.ApplicationTests$GetCuentaTests]; it must be static, non-private, non-final, and annotated with @Configuration to be considered a default configuration class.
17:32:35.084 [main] DEBUG org.springframework.test.context.support.AnnotationConfigContextLoaderUtils - Ignoring class [es.uma.informatica.sii.plytix.pana.ApplicationTests$GetCuentaPropietarioTests]; it must be static, non-private, non-final, and annotated with @Configuration to be considered a default configuration class.
17:32:35.084 [main] DEBUG org.springframework.test.context.support.AnnotationConfigContextLoaderUtils - Ignoring class [es.uma.informatica.sii.plytix.pana.ApplicationTests$ListaVacia2]; it must be static, non-private, non-final, and annotated with @Configuration to be considered a default configuration class.
17:32:35.084 [main] DEBUG org.springframework.test.context.support.AnnotationConfigContextLoaderUtils - Ignoring class [es.uma.informatica.sii.plytix.pana.ApplicationTests$ListaConDatos2]; it must be static, non-private, non-final, and annotated with @Configuration to be considered a default configuration class.
17:32:35.084 [main] DEBUG org.springframework.test.context.support.AnnotationConfigContextLoaderUtils - Ignoring class [es.uma.informatica.sii.plytix.pana.ApplicationTests$ListaConDatos]; it must be static, non-private, non-final, and annotated with @Configuration to be considered a default configuration class.
17:32:35.084 [main] DEBUG org.springframework.test.context.support.AnnotationConfigContextLoaderUtils - Ignoring class [es.uma.informatica.sii.plytix.pana.ApplicationTests$ListaVacia]; it must be static, non-private, non-final, and annotated with @Configuration to be considered a default configuration class.
17:32:35.084 [main] INFO org.springframework.test.context.support.AnnotationConfigContextLoaderUtils - Could not detect default configuration classes for test class [es.uma.informatica.sii.plytix.pana.ApplicationTests]: ApplicationTests does not declare any static, non-private, non-final, nested classes annotated with @Configuration.
17:32:35.124 [main] DEBUG org.springframework.boot.test.context.SpringBootTestContextBootstrapper - Using ContextCustomizers for test class [ApplicationTests]: [ExcludeFilterContextCustomizer, DuplicateJsonObjectContextCustomizer, MockitoContextCustomizer, TestRestTemplateContextCustomizer, DisableObservabilityContextCustomizer, PropertyMappingContextCustomizer, Customizer]
17:32:35.228 [main] DEBUG org.springframework.context.annotation.ClassPathScanningCandidateComponentProvider - Identified candidate component class: file [C:\Users\Usuario\IdeaProjects\mini-pim-plytix-pana3\target\classes\es\uma\informatica\sii\plytix\pana\Application.class]
17:32:35.237 [main] INFO org.springframework.boot.test.context.SpringBootTestContextBootstrapper - Found @SpringBootConfiguration es.uma.informatica.sii.plytix.pana.Application for test class es.uma.informatica.sii.plytix.pana.ApplicationTests
17:32:35.334 [main] DEBUG org.springframework.boot.test.context.SpringBootTestContextBootstrapper - Using TestExecutionListeners for test class [ApplicationTests]: [ServletTestExecutionListener, DirtiesContextBeforeModesTestExecutionListener, ApplicationEventsTestExecutionListener, MockitoTestExecutionListener, DependencyInjectionTestExecutionListener, DirtiesContextTestExecutionListener, TransactionalTestExecutionListener, SqlScriptsTestExecutionListener, EventPublishingTestExecutionListener, WithSecurityContextTestExecutionListener, ReactorContextTestExecutionListener, ResetMocksTestExecutionListener, RestDocsTestExecutionListener, MockRestServiceServerResetTestExecutionListener, MockMvcPrintOnlyOnFailureTestExecutionListener, WebDriverTestExecutionListener, MockWebServiceServerTestExecutionListener]
17:32:35.335 [main] DEBUG org.springframework.test.context.support.AbstractDirtiesContextTestExecutionListener - Before test class: class [ApplicationTests], class annotated with @DirtiesContext [true] with mode [AFTER_EACH_TEST_METHOD]
17:32:35.344 [main] DEBUG org.springframework.boot.test.context.SpringBootTestContextBootstrapper - Neither @ContextConfiguration nor @ContextHierarchy found for test class [PlanConDatos]: using SpringBootContextLoader
17:32:35.345 [main] DEBUG org.springframework.test.context.support.AbstractContextLoader - Could not detect default resource locations for test class [es.uma.informatica.sii.plytix.pana.ApplicationTests$PlanConDatos]: no resource found for suffixes {-context.xml, Context.groovy}.
17:32:35.345 [main] DEBUG org.springframework.test.context.support.AnnotationConfigContextLoaderUtils - Ignoring class [es.uma.informatica.sii.plytix.pana.ApplicationTests$PlanConDatos$EliminarPlan]; it must be static, non-private, non-final, and annotated with @Configuration to be considered a default configuration class.
17:32:35.345 [main] DEBUG org.springframework.test.context.support.AnnotationConfigContextLoaderUtils - Ignoring class [es.uma.informatica.sii.plytix.pana.ApplicationTests$PlanConDatos$ObtenerPlan]; it must be static, non-private, non-final, and annotated with @Configuration to be considered a default configuration class.
17:32:35.346 [main] INFO org.springframework.test.context.support.AnnotationConfigContextLoaderUtils - Could not detect default configuration classes for test class [es.uma.informatica.sii.plytix.pana.ApplicationTests$PlanConDatos]: PlanConDatos does not declare any static, non-private, non-final, nested classes annotated with @Configuration.
17:32:35.348 [main] DEBUG org.springframework.boot.test.context.SpringBootTestContextBootstrapper - Using ContextCustomizers for test class [PlanConDatos]: [ExcludeFilterContextCustomizer, DuplicateJsonObjectContextCustomizer, MockitoContextCustomizer, TestRestTemplateContextCustomizer, DisableObservabilityContextCustomizer, PropertyMappingContextCustomizer, Customizer]
17:32:35.349 [main] INFO org.springframework.boot.test.context.SpringBootTestContextBootstrapper - Found @SpringBootConfiguration es.uma.informatica.sii.plytix.pana.Application for test class es.uma.informatica.sii.plytix.pana.ApplicationTests$PlanConDatos
17:32:35.351 [main] DEBUG org.springframework.boot.test.context.SpringBootTestContextBootstrapper - Using TestExecutionListeners for test class [PlanConDatos]: [ServletTestExecutionListener, DirtiesContextBeforeModesTestExecutionListener, ApplicationEventsTestExecutionListener, MockitoTestExecutionListener, DependencyInjectionTestExecutionListener, DirtiesContextTestExecutionListener, TransactionalTestExecutionListener, SqlScriptsTestExecutionListener, EventPublishingTestExecutionListener, WithSecurityContextTestExecutionListener, ReactorContextTestExecutionListener, ResetMocksTestExecutionListener, RestDocsTestExecutionListener, MockRestServiceServerResetTestExecutionListener, MockMvcPrintOnlyOnFailureTestExecutionListener, WebDriverTestExecutionListener, MockWebServiceServerTestExecutionListener]
17:32:35.351 [main] DEBUG org.springframework.test.context.support.AbstractDirtiesContextTestExecutionListener - Before test class: class [PlanConDatos], class annotated with @DirtiesContext [true] with mode [AFTER_EACH_TEST_METHOD]
17:32:35.354 [main] DEBUG org.springframework.boot.test.context.SpringBootTestContextBootstrapper - Neither @ContextConfiguration nor @ContextHierarchy found for test class [EliminarPlan]: using SpringBootContextLoader
17:32:35.355 [main] DEBUG org.springframework.test.context.support.AbstractContextLoader - Could not detect default resource locations for test class [es.uma.informatica.sii.plytix.pana.ApplicationTests$PlanConDatos$EliminarPlan]: no resource found for suffixes {-context.xml, Context.groovy}.
17:32:35.355 [main] INFO org.springframework.test.context.support.AnnotationConfigContextLoaderUtils - Could not detect default configuration classes for test class [es.uma.informatica.sii.plytix.pana.ApplicationTests$PlanConDatos$EliminarPlan]: EliminarPlan does not declare any static, non-private, non-final, nested classes annotated with @Configuration.
17:32:35.357 [main] DEBUG org.springframework.boot.test.context.SpringBootTestContextBootstrapper - Using ContextCustomizers for test class [EliminarPlan]: [ExcludeFilterContextCustomizer, DuplicateJsonObjectContextCustomizer, MockitoContextCustomizer, TestRestTemplateContextCustomizer, DisableObservabilityContextCustomizer, PropertyMappingContextCustomizer, Customizer]
17:32:35.357 [main] INFO org.springframework.boot.test.context.SpringBootTestContextBootstrapper - Found @SpringBootConfiguration es.uma.informatica.sii.plytix.pana.Application for test class es.uma.informatica.sii.plytix.pana.ApplicationTests$PlanConDatos$EliminarPlan
17:32:35.360 [main] DEBUG org.springframework.boot.test.context.SpringBootTestContextBootstrapper - Using TestExecutionListeners for test class [EliminarPlan]: [ServletTestExecutionListener, DirtiesContextBeforeModesTestExecutionListener, ApplicationEventsTestExecutionListener, MockitoTestExecutionListener, DependencyInjectionTestExecutionListener, DirtiesContextTestExecutionListener, TransactionalTestExecutionListener, SqlScriptsTestExecutionListener, EventPublishingTestExecutionListener, WithSecurityContextTestExecutionListener, ReactorContextTestExecutionListener, ResetMocksTestExecutionListener, RestDocsTestExecutionListener, MockRestServiceServerResetTestExecutionListener, MockMvcPrintOnlyOnFailureTestExecutionListener, WebDriverTestExecutionListener, MockWebServiceServerTestExecutionListener]
17:32:35.360 [main] DEBUG org.springframework.test.context.support.AbstractDirtiesContextTestExecutionListener - Before test class: class [EliminarPlan], class annotated with @DirtiesContext [true] with mode [AFTER_EACH_TEST_METHOD]

  .   ____          _            __ _ _
 /\\ / ___'_ __ _ _(_)_ __  __ _ \ \ \ \
( ( )\___ | '_ | '_| | '_ \/ _` | \ \ \ \
 \\/  ___)| |_)| | | | | || (_| |  ) ) ) )
  '  |____| .__|_| |_|_| |_\__, | / / / /
 =========|_|==============|___/=/_/_/_/
 :: Spring Boot ::                (v3.0.2)

2025-05-28T17:32:35.607+02:00  INFO 29256 --- [           main] e.u.i.sii.plytix.pana.ApplicationTests   : Starting ApplicationTests using Java 20 with PID 29256 (started by Usuario in C:\Users\Usuario\IdeaProjects\mini-pim-plytix-pana3)
2025-05-28T17:32:35.608+02:00  INFO 29256 --- [           main] e.u.i.sii.plytix.pana.ApplicationTests   : No active profile set, falling back to 1 default profile: "default"
2025-05-28T17:32:36.372+02:00  INFO 29256 --- [           main] .s.d.r.c.RepositoryConfigurationDelegate : Bootstrapping Spring Data JPA repositories in DEFAULT mode.
2025-05-28T17:32:36.421+02:00  INFO 29256 --- [           main] .s.d.r.c.RepositoryConfigurationDelegate : Finished Spring Data repository scanning in 43 ms. Found 2 JPA repository interfaces.
2025-05-28T17:32:37.597+02:00  INFO 29256 --- [           main] o.s.b.w.embedded.tomcat.TomcatWebServer  : Tomcat initialized with port(s): 0 (http)
2025-05-28T17:32:37.609+02:00  INFO 29256 --- [           main] o.apache.catalina.core.StandardService   : Starting service [Tomcat]
2025-05-28T17:32:37.609+02:00  INFO 29256 --- [           main] o.apache.catalina.core.StandardEngine    : Starting Servlet engine: [Apache Tomcat/10.1.5]
2025-05-28T17:32:37.706+02:00  INFO 29256 --- [           main] o.a.c.c.C.[Tomcat].[localhost].[/]       : Initializing Spring embedded WebApplicationContext
2025-05-28T17:32:37.707+02:00  INFO 29256 --- [           main] w.s.c.ServletWebServerApplicationContext : Root WebApplicationContext: initialization completed in 2079 ms
2025-05-28T17:32:37.733+02:00  INFO 29256 --- [           main] com.zaxxer.hikari.HikariDataSource       : HikariPool-1 - Starting...
2025-05-28T17:32:37.978+02:00  INFO 29256 --- [           main] com.zaxxer.hikari.pool.HikariPool        : HikariPool-1 - Added connection conn0: url=jdbc:h2:mem:testdb user=SA
2025-05-28T17:32:37.981+02:00  INFO 29256 --- [           main] com.zaxxer.hikari.HikariDataSource       : HikariPool-1 - Start completed.
2025-05-28T17:32:37.992+02:00  INFO 29256 --- [           main] o.s.b.a.h2.H2ConsoleAutoConfiguration    : H2 console available at '/h2-console'. Database available at 'jdbc:h2:mem:testdb'
2025-05-28T17:32:38.172+02:00  INFO 29256 --- [           main] o.hibernate.jpa.internal.util.LogHelper  : HHH000204: Processing PersistenceUnitInfo [name: default]
2025-05-28T17:32:38.223+02:00  INFO 29256 --- [           main] org.hibernate.Version                    : HHH000412: Hibernate ORM core version 6.1.6.Final
2025-05-28T17:32:38.255+02:00  WARN 29256 --- [           main] org.hibernate.orm.deprecation            : HHH90000021: Encountered deprecated setting [javax.persistence.sharedCache.mode], use [jakarta.persistence.sharedCache.mode] instead
2025-05-28T17:32:38.368+02:00  INFO 29256 --- [           main] SQL dialect                              : HHH000400: Using dialect: org.hibernate.dialect.H2Dialect
Hibernate: 
    
    drop table if exists cuenta cascade 
Hibernate: 
    
    drop table if exists cuenta_usuarios cascade 
Hibernate: 
    
    drop table if exists plan cascade 
Hibernate: 
    
    create table cuenta (
       id bigint not null,
        nif varchar(255),
        dir_fiscal varchar(255),
        dueno_id bigint,
        fecha_alta date,
        nombre varchar(255),
        plan bigint,
        primary key (id)
    )
Hibernate: 
    
    create table cuenta_usuarios (
       cuenta_id bigint not null,
        usuarios bigint
    )
Hibernate: 
    
    create table plan (
       id bigint generated by default as identity,
        max_activos bigint,
        max_almacenamiento bigint,
        max_categorias_activos bigint,
        max_categorias_productos bigint,
        max_productos bigint,
        max_relaciones bigint,
        nombre varchar(255),
        precio float(53),
        primary key (id)
    )
Hibernate: 
    
    alter table if exists cuenta 
       add constraint fk_cuenta_plan 
       foreign key (plan) 
       references plan
Hibernate: 
    
    alter table if exists cuenta_usuarios 
       add constraint FKn2m3nqhyu579qm9vjvrr3utxo 
       foreign key (cuenta_id) 
       references cuenta
2025-05-28T17:32:38.962+02:00  INFO 29256 --- [           main] o.h.e.t.j.p.i.JtaPlatformInitiator       : HHH000490: Using JtaPlatform implementation: [org.hibernate.engine.transaction.jta.platform.internal.NoJtaPlatform]
2025-05-28T17:32:38.969+02:00  INFO 29256 --- [           main] j.LocalContainerEntityManagerFactoryBean : Initialized JPA EntityManagerFactory for persistence unit 'default'
2025-05-28T17:32:39.795+02:00  WARN 29256 --- [           main] JpaBaseConfiguration$JpaWebConfiguration : spring.jpa.open-in-view is enabled by default. Therefore, database queries may be performed during view rendering. Explicitly configure spring.jpa.open-in-view to disable this warning
2025-05-28T17:32:39.808+02:00  WARN 29256 --- [           main] .s.s.UserDetailsServiceAutoConfiguration : 

Using generated security password: f03f0cb3-15e0-4ffb-82df-5a4df58db215

This generated password is for development use only. Your security configuration must be updated before running your application in production.

2025-05-28T17:32:39.900+02:00  INFO 29256 --- [           main] o.s.s.web.DefaultSecurityFilterChain     : Will secure any request with [org.springframework.security.web.session.DisableEncodeUrlFilter@14aba843, org.springframework.security.web.context.request.async.WebAsyncManagerIntegrationFilter@1e8acc51, org.springframework.security.web.context.SecurityContextHolderFilter@1a133937, org.springframework.security.web.header.HeaderWriterFilter@3ceb5831, org.springframework.security.web.authentication.logout.LogoutFilter@9ac7e36, es.uma.informatica.sii.plytix.pana.config.JwtRequestFilter@5ea4d07f, org.springframework.security.web.savedrequest.RequestCacheAwareFilter@5c4c4a54, org.springframework.security.web.servletapi.SecurityContextHolderAwareRequestFilter@ad69ca1, org.springframework.security.web.authentication.AnonymousAuthenticationFilter@426f5329, org.springframework.security.web.session.SessionManagementFilter@3d56e72f, org.springframework.security.web.access.ExceptionTranslationFilter@1b776aa7, org.springframework.security.web.access.intercept.AuthorizationFilter@2c10d5a]
2025-05-28T17:32:40.842+02:00  INFO 29256 --- [           main] o.s.b.w.embedded.tomcat.TomcatWebServer  : Tomcat started on port(s): 61396 (http) with context path ''
2025-05-28T17:32:40.848+02:00  INFO 29256 --- [           main] e.u.i.sii.plytix.pana.ApplicationTests   : Started ApplicationTests in 5.456 seconds (process running for 6.924)
Hibernate: 
    select
        p1_0.id,
        p1_0.max_activos,
        p1_0.max_almacenamiento,
        p1_0.max_categorias_activos,
        p1_0.max_categorias_productos,
        p1_0.max_productos,
        p1_0.max_relaciones,
        p1_0.nombre,
        p1_0.precio 
    from
        plan p1_0
Hibernate: 
    select
        c1_0.id,
        c1_0.nif,
        c1_0.dir_fiscal,
        c1_0.dueno_id,
        c1_0.fecha_alta,
        c1_0.nombre,
        c1_0.plan 
    from
        cuenta c1_0
Hibernate: 
    select
        p1_0.id,
        p1_0.max_activos,
        p1_0.max_almacenamiento,
        p1_0.max_categorias_activos,
        p1_0.max_categorias_productos,
        p1_0.max_productos,
        p1_0.max_relaciones,
        p1_0.nombre,
        p1_0.precio 
    from
        plan p1_0 
    where
        p1_0.id=?
Hibernate: 
    insert 
    into
        plan
        (id, max_activos, max_almacenamiento, max_categorias_activos, max_categorias_productos, max_productos, max_relaciones, nombre, precio) 
    values
        (default, ?, ?, ?, ?, ?, ?, ?, ?)
Hibernate: 
    select
        p1_0.id,
        p1_0.max_activos,
        p1_0.max_almacenamiento,
        p1_0.max_categorias_activos,
        p1_0.max_categorias_productos,
        p1_0.max_productos,
        p1_0.max_relaciones,
        p1_0.nombre,
        p1_0.precio 
    from
        plan p1_0 
    where
        p1_0.id=?
Hibernate: 
    insert 
    into
        plan
        (id, max_activos, max_almacenamiento, max_categorias_activos, max_categorias_productos, max_productos, max_relaciones, nombre, precio) 
    values
        (default, ?, ?, ?, ?, ?, ?, ?, ?)
2025-05-28T17:32:41.044+02:00  INFO 29256 --- [o-auto-1-exec-1] o.a.c.c.C.[Tomcat].[localhost].[/]       : Initializing Spring DispatcherServlet 'dispatcherServlet'
2025-05-28T17:32:41.044+02:00  INFO 29256 --- [o-auto-1-exec-1] o.s.web.servlet.DispatcherServlet        : Initializing Servlet 'dispatcherServlet'
2025-05-28T17:32:41.045+02:00  INFO 29256 --- [o-auto-1-exec-1] o.s.web.servlet.DispatcherServlet        : Completed initialization in 1 ms
2025-05-28T17:32:41.054+02:00  INFO 29256 --- [o-auto-1-exec-1] e.u.i.s.p.pana.config.JwtRequestFilter   : El token no comienza con Bearer
Hibernate: 
    select
        count(*) 
    from
        plan p1_0 
    where
        p1_0.id=?
Hibernate: 
    select
        c1_0.id 
    from
        cuenta c1_0 
    where
        c1_0.plan=? fetch first ? rows only
Hibernate: 
    select
        p1_0.id,
        p1_0.max_activos,
        p1_0.max_almacenamiento,
        p1_0.max_categorias_activos,
        p1_0.max_categorias_productos,
        p1_0.max_productos,
        p1_0.max_relaciones,
        p1_0.nombre,
        p1_0.precio 
    from
        plan p1_0 
    where
        p1_0.id=?
Hibernate: 
    delete 
    from
        plan 
    where
        id=?
Hibernate: 
    select
        count(*) 
    from
        plan p1_0 
    where
        p1_0.id=?
2025-05-28T17:32:41.245+02:00  INFO 29256 --- [           main] o.apache.catalina.core.StandardService   : Stopping service [Tomcat]
2025-05-28T17:32:41.246+02:00  INFO 29256 --- [           main] o.a.c.c.C.[Tomcat].[localhost].[/]       : Destroying Spring FrameworkServlet 'dispatcherServlet'
2025-05-28T17:32:41.252+02:00  INFO 29256 --- [           main] j.LocalContainerEntityManagerFactoryBean : Closing JPA EntityManagerFactory for persistence unit 'default'
2025-05-28T17:32:41.253+02:00  INFO 29256 --- [           main] .SchemaDropperImpl$DelayedDropActionImpl : HHH000477: Starting delayed evictData of schema as part of SessionFactory shut-down'
Hibernate: 
    
    drop table if exists cuenta cascade 
Hibernate: 
    
    drop table if exists cuenta_usuarios cascade 
Hibernate: 
    
    drop table if exists plan cascade 
2025-05-28T17:32:41.258+02:00  INFO 29256 --- [           main] com.zaxxer.hikari.HikariDataSource       : HikariPool-1 - Shutdown initiated...
2025-05-28T17:32:41.263+02:00  INFO 29256 --- [           main] com.zaxxer.hikari.HikariDataSource       : HikariPool-1 - Shutdown completed.
]]></system-out>
  </testcase>
  <testcase name="eliminaNoExiste" classname="es.uma.informatica.sii.plytix.pana.ApplicationTests$PlanConDatos$EliminarPlan" time="0.041">
    <system-out><![CDATA[
  .   ____          _            __ _ _
 /\\ / ___'_ __ _ _(_)_ __  __ _ \ \ \ \
( ( )\___ | '_ | '_| | '_ \/ _` | \ \ \ \
 \\/  ___)| |_)| | | | | || (_| |  ) ) ) )
  '  |____| .__|_| |_|_| |_\__, | / / / /
 =========|_|==============|___/=/_/_/_/
 :: Spring Boot ::                (v3.0.2)

2025-05-28T17:32:41.285+02:00  INFO 29256 --- [           main] e.u.i.sii.plytix.pana.ApplicationTests   : Starting ApplicationTests using Java 20 with PID 29256 (started by Usuario in C:\Users\Usuario\IdeaProjects\mini-pim-plytix-pana3)
2025-05-28T17:32:41.285+02:00  INFO 29256 --- [           main] e.u.i.sii.plytix.pana.ApplicationTests   : No active profile set, falling back to 1 default profile: "default"
2025-05-28T17:32:41.418+02:00  INFO 29256 --- [           main] .s.d.r.c.RepositoryConfigurationDelegate : Bootstrapping Spring Data JPA repositories in DEFAULT mode.
2025-05-28T17:32:41.428+02:00  INFO 29256 --- [           main] .s.d.r.c.RepositoryConfigurationDelegate : Finished Spring Data repository scanning in 9 ms. Found 2 JPA repository interfaces.
2025-05-28T17:32:41.492+02:00  INFO 29256 --- [           main] o.s.b.w.embedded.tomcat.TomcatWebServer  : Tomcat initialized with port(s): 0 (http)
2025-05-28T17:32:41.493+02:00  INFO 29256 --- [           main] o.apache.catalina.core.StandardService   : Starting service [Tomcat]
2025-05-28T17:32:41.493+02:00  INFO 29256 --- [           main] o.apache.catalina.core.StandardEngine    : Starting Servlet engine: [Apache Tomcat/10.1.5]
2025-05-28T17:32:41.506+02:00  INFO 29256 --- [           main] o.a.c.c.C.[Tomcat].[localhost].[/]       : Initializing Spring embedded WebApplicationContext
2025-05-28T17:32:41.506+02:00  INFO 29256 --- [           main] w.s.c.ServletWebServerApplicationContext : Root WebApplicationContext: initialization completed in 219 ms
2025-05-28T17:32:41.512+02:00  INFO 29256 --- [           main] com.zaxxer.hikari.HikariDataSource       : HikariPool-2 - Starting...
2025-05-28T17:32:41.514+02:00  INFO 29256 --- [           main] com.zaxxer.hikari.pool.HikariPool        : HikariPool-2 - Added connection conn10: url=jdbc:h2:mem:testdb user=SA
2025-05-28T17:32:41.515+02:00  INFO 29256 --- [           main] com.zaxxer.hikari.HikariDataSource       : HikariPool-2 - Start completed.
2025-05-28T17:32:41.515+02:00  INFO 29256 --- [           main] o.s.b.a.h2.H2ConsoleAutoConfiguration    : H2 console available at '/h2-console'. Database available at 'jdbc:h2:mem:testdb'
2025-05-28T17:32:41.531+02:00  INFO 29256 --- [           main] o.hibernate.jpa.internal.util.LogHelper  : HHH000204: Processing PersistenceUnitInfo [name: default]
2025-05-28T17:32:41.532+02:00  WARN 29256 --- [           main] org.hibernate.orm.deprecation            : HHH90000021: Encountered deprecated setting [javax.persistence.sharedCache.mode], use [jakarta.persistence.sharedCache.mode] instead
2025-05-28T17:32:41.534+02:00  INFO 29256 --- [           main] SQL dialect                              : HHH000400: Using dialect: org.hibernate.dialect.H2Dialect
Hibernate: 
    
    drop table if exists cuenta cascade 
Hibernate: 
    
    drop table if exists cuenta_usuarios cascade 
Hibernate: 
    
    drop table if exists plan cascade 
Hibernate: 
    
    create table cuenta (
       id bigint not null,
        nif varchar(255),
        dir_fiscal varchar(255),
        dueno_id bigint,
        fecha_alta date,
        nombre varchar(255),
        plan bigint,
        primary key (id)
    )
Hibernate: 
    
    create table cuenta_usuarios (
       cuenta_id bigint not null,
        usuarios bigint
    )
Hibernate: 
    
    create table plan (
       id bigint generated by default as identity,
        max_activos bigint,
        max_almacenamiento bigint,
        max_categorias_activos bigint,
        max_categorias_productos bigint,
        max_productos bigint,
        max_relaciones bigint,
        nombre varchar(255),
        precio float(53),
        primary key (id)
    )
Hibernate: 
    
    alter table if exists cuenta 
       add constraint fk_cuenta_plan 
       foreign key (plan) 
       references plan
Hibernate: 
    
    alter table if exists cuenta_usuarios 
       add constraint FKn2m3nqhyu579qm9vjvrr3utxo 
       foreign key (cuenta_id) 
       references cuenta
2025-05-28T17:32:41.582+02:00  INFO 29256 --- [           main] o.h.e.t.j.p.i.JtaPlatformInitiator       : HHH000490: Using JtaPlatform implementation: [org.hibernate.engine.transaction.jta.platform.internal.NoJtaPlatform]
2025-05-28T17:32:41.582+02:00  INFO 29256 --- [           main] j.LocalContainerEntityManagerFactoryBean : Initialized JPA EntityManagerFactory for persistence unit 'default'
2025-05-28T17:32:41.631+02:00  WARN 29256 --- [           main] JpaBaseConfiguration$JpaWebConfiguration : spring.jpa.open-in-view is enabled by default. Therefore, database queries may be performed during view rendering. Explicitly configure spring.jpa.open-in-view to disable this warning
2025-05-28T17:32:41.634+02:00  WARN 29256 --- [           main] .s.s.UserDetailsServiceAutoConfiguration : 

Using generated security password: 62bb818a-397e-45bc-9b35-6515a14c309e

This generated password is for development use only. Your security configuration must be updated before running your application in production.

2025-05-28T17:32:41.638+02:00  INFO 29256 --- [           main] o.s.s.web.DefaultSecurityFilterChain     : Will secure any request with [org.springframework.security.web.session.DisableEncodeUrlFilter@5b8a3fe4, org.springframework.security.web.context.request.async.WebAsyncManagerIntegrationFilter@79757113, org.springframework.security.web.context.SecurityContextHolderFilter@5e542369, org.springframework.security.web.header.HeaderWriterFilter@4d8a0fa2, org.springframework.security.web.authentication.logout.LogoutFilter@4d1df80e, es.uma.informatica.sii.plytix.pana.config.JwtRequestFilter@a03b86a, org.springframework.security.web.savedrequest.RequestCacheAwareFilter@51c4bd9c, org.springframework.security.web.servletapi.SecurityContextHolderAwareRequestFilter@4cae4f19, org.springframework.security.web.authentication.AnonymousAuthenticationFilter@4c22f8a5, org.springframework.security.web.session.SessionManagementFilter@5cf45134, org.springframework.security.web.access.ExceptionTranslationFilter@7e0e3225, org.springframework.security.web.access.intercept.AuthorizationFilter@729c2ca]
2025-05-28T17:32:41.971+02:00  INFO 29256 --- [           main] o.s.b.w.embedded.tomcat.TomcatWebServer  : Tomcat started on port(s): 61399 (http) with context path ''
2025-05-28T17:32:41.972+02:00  INFO 29256 --- [           main] e.u.i.sii.plytix.pana.ApplicationTests   : Started ApplicationTests in 0.702 seconds (process running for 8.048)
Hibernate: 
    select
        p1_0.id,
        p1_0.max_activos,
        p1_0.max_almacenamiento,
        p1_0.max_categorias_activos,
        p1_0.max_categorias_productos,
        p1_0.max_productos,
        p1_0.max_relaciones,
        p1_0.nombre,
        p1_0.precio 
    from
        plan p1_0
Hibernate: 
    select
        c1_0.id,
        c1_0.nif,
        c1_0.dir_fiscal,
        c1_0.dueno_id,
        c1_0.fecha_alta,
        c1_0.nombre,
        c1_0.plan 
    from
        cuenta c1_0
Hibernate: 
    select
        p1_0.id,
        p1_0.max_activos,
        p1_0.max_almacenamiento,
        p1_0.max_categorias_activos,
        p1_0.max_categorias_productos,
        p1_0.max_productos,
        p1_0.max_relaciones,
        p1_0.nombre,
        p1_0.precio 
    from
        plan p1_0 
    where
        p1_0.id=?
Hibernate: 
    insert 
    into
        plan
        (id, max_activos, max_almacenamiento, max_categorias_activos, max_categorias_productos, max_productos, max_relaciones, nombre, precio) 
    values
        (default, ?, ?, ?, ?, ?, ?, ?, ?)
Hibernate: 
    select
        p1_0.id,
        p1_0.max_activos,
        p1_0.max_almacenamiento,
        p1_0.max_categorias_activos,
        p1_0.max_categorias_productos,
        p1_0.max_productos,
        p1_0.max_relaciones,
        p1_0.nombre,
        p1_0.precio 
    from
        plan p1_0 
    where
        p1_0.id=?
Hibernate: 
    insert 
    into
        plan
        (id, max_activos, max_almacenamiento, max_categorias_activos, max_categorias_productos, max_productos, max_relaciones, nombre, precio) 
    values
        (default, ?, ?, ?, ?, ?, ?, ?, ?)
2025-05-28T17:32:41.991+02:00  INFO 29256 --- [o-auto-2-exec-1] o.a.c.c.C.[Tomcat].[localhost].[/]       : Initializing Spring DispatcherServlet 'dispatcherServlet'
2025-05-28T17:32:41.991+02:00  INFO 29256 --- [o-auto-2-exec-1] o.s.web.servlet.DispatcherServlet        : Initializing Servlet 'dispatcherServlet'
2025-05-28T17:32:41.992+02:00  INFO 29256 --- [o-auto-2-exec-1] o.s.web.servlet.DispatcherServlet        : Completed initialization in 1 ms
2025-05-28T17:32:41.992+02:00  INFO 29256 --- [o-auto-2-exec-1] e.u.i.s.p.pana.config.JwtRequestFilter   : El token no comienza con Bearer
Hibernate: 
    select
        count(*) 
    from
        plan p1_0 
    where
        p1_0.id=?
2025-05-28T17:32:42.009+02:00  INFO 29256 --- [           main] o.apache.catalina.core.StandardService   : Stopping service [Tomcat]
2025-05-28T17:32:42.011+02:00  INFO 29256 --- [           main] o.a.c.c.C.[Tomcat].[localhost].[/]       : Destroying Spring FrameworkServlet 'dispatcherServlet'
2025-05-28T17:32:42.014+02:00  INFO 29256 --- [           main] j.LocalContainerEntityManagerFactoryBean : Closing JPA EntityManagerFactory for persistence unit 'default'
2025-05-28T17:32:42.014+02:00  INFO 29256 --- [           main] .SchemaDropperImpl$DelayedDropActionImpl : HHH000477: Starting delayed evictData of schema as part of SessionFactory shut-down'
Hibernate: 
    
    drop table if exists cuenta cascade 
Hibernate: 
    
    drop table if exists cuenta_usuarios cascade 
Hibernate: 
    
    drop table if exists plan cascade 
2025-05-28T17:32:42.016+02:00  INFO 29256 --- [           main] com.zaxxer.hikari.HikariDataSource       : HikariPool-2 - Shutdown initiated...
2025-05-28T17:32:42.017+02:00  INFO 29256 --- [           main] com.zaxxer.hikari.HikariDataSource       : HikariPool-2 - Shutdown completed.
]]></system-out>
  </testcase>
</testsuite>